<?xml version="1.0" encoding="UTF-8"?>
<!-- Generated by org.testng.reporters.JUnitXMLReporter -->
<testsuite ignored="0" hostname="DESKTOP-GTM5910" failures="1" tests="7" name="Test" time="1.105" errors="0" timestamp="2022-11-28T13:31:00 IST">
  <testcase classname="lect.TestngAnnotation" name="test" time="1.023">
    <failure type="org.testng.internal.thread.ThreadTimeoutException" message="Method lect.TestngAnnotation.test() didn&amp;apos;t finish within the time-out 1000">
      <![CDATA[org.testng.internal.thread.ThreadTimeoutException: Method lect.TestngAnnotation.test() didn't finish within the time-out 1000
at java.base/java.lang.Thread.sleep0(Native Method)
at java.base/java.lang.Thread.sleep(Thread.java:465)
at lect.TestngAnnotation.test(TestngAnnotation.java:23)
at java.base/java.util.concurrent.FutureTask.run(FutureTask.java:317)
at java.base/java.util.concurrent.ThreadPoolExecutor.runWorker(ThreadPoolExecutor.java:1144)
at java.base/java.util.concurrent.ThreadPoolExecutor$Worker.run(ThreadPoolExecutor.java:642)
at java.base/java.lang.Thread.run(Thread.java:1589)
... Removed 6 stack frames]]>
    </failure>
  </testcase> <!-- test -->
  <testcase classname="lect.TestngAnnotation" name="abc" time="0.002"/>
  <testcase classname="lect.TestngAnnotation" name="abc" time="0.001"/>
  <testcase classname="lect.TestngAnnotation" name="test1" time="0.0">
    <skipped/>
  </testcase> <!-- test1 -->
  <testcase classname="lect.Annotation" name="abc" time="0.002"/>
  <testcase classname="lect.Annotation" name="test" time="0.006"/>
  <testcase classname="lect.Annotation" name="test1" time="0.001"/>
</testsuite> <!-- Test -->
